2025-11-29 17:21:00 - ๐ฏ === ะะะงะะะ ะกะะะะะะะฏ ะะะะะะ ===
2025-11-29 17:21:00 - ๐ ModelState.IsValid: False
2025-11-29 17:21:00 - ๐ฆ RequestedBookId: 3
2025-11-29 17:21:00 - ๐ฆ OfferedBookId: 2
2025-11-29 17:21:00 - ๐ฆ Message: ะฒััะฒั ะฒััะฒ
2025-11-29 17:21:00 - ๐จ FORM DATA:
2025-11-29 17:21:00 -    RequestedBookId = '3'
2025-11-29 17:21:00 -    OfferedBookId = '2'
2025-11-29 17:21:00 -    Message = 'ะฒััะฒั ะฒััะฒ'
2025-11-29 17:21:00 -    __RequestVerificationToken = 'CfDJ8LyHUrDwRM1MuYm56Tu56lx4YFC5FSLkZ1lyIXgaUm7fJfGixutqUoQHCLXVpObaLaTcL8nL-KhLzVW5NyWxmZnZovHzfEkw8kOB_BROSfJcqOo-c5kM44qgj0jeGDCtACdfvX_Xx_LBuIpI3tFPaU30lQtBHHs6vu-heQGWbLkYHvLawHrUk94Cm_QOsJ6WCA'
2025-11-29 17:21:00 - โ ะะพะดะตะปั ะะ ะฒะฐะปะธะดะฝะฐ!
2025-11-29 17:21:00 -    - The RequestedBook field is required.
2025-11-29 17:21:09 - ๐ฏ === ะะะงะะะ ะกะะะะะะะฏ ะะะะะะ ===
2025-11-29 17:21:09 - ๐ ModelState.IsValid: False
2025-11-29 17:21:09 - ๐ฆ RequestedBookId: 3
2025-11-29 17:21:09 - ๐ฆ OfferedBookId: 2
2025-11-29 17:21:09 - ๐ฆ Message: ะฐะฒัะฐ
2025-11-29 17:21:09 - ๐จ FORM DATA:
2025-11-29 17:21:09 -    RequestedBookId = '3'
2025-11-29 17:21:09 -    OfferedBookId = '2'
2025-11-29 17:21:09 -    Message = 'ะฐะฒัะฐ'
2025-11-29 17:21:09 -    __RequestVerificationToken = 'CfDJ8LyHUrDwRM1MuYm56Tu56lzB0BS3_ALZvO45JZ0JxoY1vSSqfU28k3RUE1TMo0AM4g6yRXDinfsBQ3lAiSuSrjvtLKKWHY1yLTLfJ38V7AR9LmSqDOc68f4s6gnhVWocC0cl5EUYr_aXbdh5TE4CEh0mskaMA-S1nOHGAAcLXz1hnvEApaj0TcAUIJx6wyfA0g'
2025-11-29 17:21:09 - โ ะะพะดะตะปั ะะ ะฒะฐะปะธะดะฝะฐ!
2025-11-29 17:21:09 -    - The RequestedBook field is required.
2025-11-29 17:23:38 - ๐ฏ === ะะะงะะะ ะกะะะะะะะฏ ะะะะะะ ===
2025-11-29 17:23:38 - ๐ฆ RequestedBookId: 3
2025-11-29 17:23:38 - ๐ฆ OfferedBookId: 2
2025-11-29 17:23:38 - ๐ฆ Message: ะฒััะฒ
2025-11-29 17:23:38 - ๐จ FORM DATA:
2025-11-29 17:23:38 -    RequestedBookId = '3'
2025-11-29 17:23:38 -    OfferedBookId = '2'
2025-11-29 17:23:38 -    Message = 'ะฒััะฒ'
2025-11-29 17:23:38 -    __RequestVerificationToken = 'CfDJ8LyHUrDwRM1MuYm56Tu56lwPl2SQAcjyvGTf16s4-YOG6FvSA9JW8KOed2zXNQrHLjYrHGzSGNRXRqK7Q5_CeTYlsUtHwbt0-zEbuBee7amsaIQYkWreSt6xBtrxKiMiyoHLG2zxl5biiDA7HalCFWYwWQolb5RB30X4_SjA6QYkvkIwjd37KW9TcrMndSX__g'
2025-11-29 17:23:38 - โ ะะฐะฝะฝัะต ัะพัะผั ะบะพััะตะบัะฝั!
2025-11-29 17:23:38 - ๐ค ะขะตะบััะธะน ะฟะพะปัะทะพะฒะฐัะตะปั: denismitin1323@gmail.com (ID: f57bab7f-4ae3-4418-a9e1-273aa520f0e4)
2025-11-29 17:23:38 - ๐ OfferedBook: ะผะผะผะผ (ID: 2, Exists: True)
2025-11-29 17:23:38 - ๐ RequestedBook: ะปะพะป (ID: 3, Exists: True)
2025-11-29 17:23:38 - ๐ฏ ะฆะตะปะตะฒะพะน ะฟะพะปัะทะพะฒะฐัะตะปั: denismitin1705@gmail.com (ID: 679d2e00-89bf-48e6-a1ca-a35d429b11ad)
2025-11-29 17:23:38 - ๐ ะกะพะทะดะฐะตะผ ะฝะพะฒัะน ะพะฑะผะตะฝ...
2025-11-29 17:23:38 - ๐ ะะฑะผะตะฝ ัะพะทะดะฐะฝ: 2 -> 3
2025-11-29 17:23:38 - ๐พ ะกะพััะฐะฝัะตะผ ะฒ ะฑะฐะทั...
2025-11-29 17:23:38 - ๐ ะฃะกะะะฅ! ะกะพััะฐะฝะตะฝะพ ะทะฐะฟะธัะตะน: 1, ID ะพะฑะผะตะฝะฐ: 1
2025-11-29 17:33:43 - ๐ฏ === ะะะงะะะ ะกะะะะะะะฏ ะะะะะะ ===
2025-11-29 17:33:43 - ๐ฆ RequestedBookId: 3
2025-11-29 17:33:43 - ๐ฆ OfferedBookId: 2
2025-11-29 17:33:43 - ๐ฆ Message: dsds
2025-11-29 17:33:43 - ๐จ FORM DATA:
2025-11-29 17:33:43 -    RequestedBookId = '3'
2025-11-29 17:33:43 -    OfferedBookId = '2'
2025-11-29 17:33:43 -    Message = 'dsds'
2025-11-29 17:33:43 -    __RequestVerificationToken = 'CfDJ8LyHUrDwRM1MuYm56Tu56lxQznQvBwD2fdyiQ87gO85AlNsdCV2xJ9grwL0M4tud2u54EcfO-HvbDaX0auRKfe4Ev3LFFUC23BkUGmRVktj3fm3Iv-dUqkKXrmzGuEXwZq4lPIzv1L_-JP-s-_Cd1WTL7Ve2JBXDn-KS3wRX7bYH8WGfZnNn5RKmBB8Hn5px2A'
2025-11-29 17:33:43 - โ ะะฐะฝะฝัะต ัะพัะผั ะบะพััะตะบัะฝั!
2025-11-29 17:33:43 - ๐ค ะขะตะบััะธะน ะฟะพะปัะทะพะฒะฐัะตะปั: denismitin1705@gmail.com (ID: 679d2e00-89bf-48e6-a1ca-a35d429b11ad)
2025-11-29 17:33:43 - ๐ OfferedBook: ะผะผะผะผ (ID: 2, Exists: True)
2025-11-29 17:33:43 - ๐ RequestedBook: ะปะพะป (ID: 3, Exists: True)
2025-11-29 17:33:43 - ๐ฏ ะฆะตะปะตะฒะพะน ะฟะพะปัะทะพะฒะฐัะตะปั: denismitin1323@gmail.com (ID: f57bab7f-4ae3-4418-a9e1-273aa520f0e4)
2025-11-29 17:33:43 - ๐ ะกะพะทะดะฐะตะผ ะฝะพะฒัะน ะพะฑะผะตะฝ...
2025-11-29 17:33:43 - ๐ ะะฑะผะตะฝ ัะพะทะดะฐะฝ: 2 -> 3
2025-11-29 17:33:43 - ๐พ ะกะพััะฐะฝัะตะผ ะฒ ะฑะฐะทั...
2025-11-29 17:33:43 - ๐ ะฃะกะะะฅ! ะกะพััะฐะฝะตะฝะพ ะทะฐะฟะธัะตะน: 1, ID ะพะฑะผะตะฝะฐ: 2
2025-11-29 17:46:09 - ๐ฏ === ะะะงะะะ ะกะะะะะะะฏ ะะะะะะ ===
2025-11-29 17:46:09 - ๐ฆ RequestedBookId: 4
2025-11-29 17:46:09 - ๐ฆ OfferedBookId: 2
2025-11-29 17:46:09 - ๐ฆ Message: ัะฒ
2025-11-29 17:46:09 - ๐จ FORM DATA:
2025-11-29 17:46:09 -    RequestedBookId = '4'
2025-11-29 17:46:09 -    OfferedBookId = '2'
2025-11-29 17:46:09 -    Message = 'ัะฒ'
2025-11-29 17:46:09 -    __RequestVerificationToken = 'CfDJ8LyHUrDwRM1MuYm56Tu56lwuDPFWxxBSP3a6yrfu19qn90IhhVo9R7oMXWgwk2SA1Ea9fZ9C6QWKsYIdjmSCGgxIp1AA0hRZuGerArFcaX2tNaON6K6Rbo8qtyFYZG0b2CAki9Di6CtIJ2j5AM5YL0EiF3nAx-IBF87zZaQk52j9NyMmYy9CQe7WpaS-xpcKpg'
2025-11-29 17:46:09 - โ ะะฐะฝะฝัะต ัะพัะผั ะบะพััะตะบัะฝั!
2025-11-29 17:46:09 - ๐ค ะขะตะบััะธะน ะฟะพะปัะทะพะฒะฐัะตะปั: denismitin1705@gmail.com (ID: 679d2e00-89bf-48e6-a1ca-a35d429b11ad)
2025-11-29 17:46:09 - ๐ OfferedBook: ะผะผะผะผ (ID: 2, Exists: True)
2025-11-29 17:46:09 - ๐ RequestedBook: ะะตััะฒัะต ะดััะธ (ID: 4, Exists: True)
2025-11-29 17:46:09 - ๐ฏ ะฆะตะปะตะฒะพะน ะฟะพะปัะทะพะฒะฐัะตะปั: denismitin1323@gmail.com (ID: f57bab7f-4ae3-4418-a9e1-273aa520f0e4)
2025-11-29 17:46:09 - ๐ ะกะพะทะดะฐะตะผ ะฝะพะฒัะน ะพะฑะผะตะฝ...
2025-11-29 17:46:09 - ๐ ะะฑะผะตะฝ ัะพะทะดะฐะฝ: 2 -> 4
2025-11-29 17:46:09 - ๐พ ะกะพััะฐะฝัะตะผ ะฒ ะฑะฐะทั...
2025-11-29 17:46:09 - ๐ ะฃะกะะะฅ! ะกะพััะฐะฝะตะฝะพ ะทะฐะฟะธัะตะน: 1, ID ะพะฑะผะตะฝะฐ: 3
2025-11-29 17:46:44 - ๐ฏ === ะะะงะะะ ะกะะะะะะะฏ ะะะะะะ ===
2025-11-29 17:46:44 - ๐ฆ RequestedBookId: 4
2025-11-29 17:46:44 - ๐ฆ OfferedBookId: 3
2025-11-29 17:46:44 - ๐ฆ Message: ะฟะฐ
2025-11-29 17:46:44 - ๐จ FORM DATA:
2025-11-29 17:46:44 -    RequestedBookId = '4'
2025-11-29 17:46:44 -    OfferedBookId = '3'
2025-11-29 17:46:44 -    Message = 'ะฟะฐ'
2025-11-29 17:46:44 -    __RequestVerificationToken = 'CfDJ8LyHUrDwRM1MuYm56Tu56lwHEa7GZSk22sRsT1-WKQvj8nlef7qXtiOltTHiRK7WDFnZgXiw7zRIXG1YZHMDMMSV_vqZbZ3xHCEIoFxh9nceYVbP_S9rujd0Mc9KtOe0kldasoxIUP7t-C2kDi-hZYaGEbdMpcU_ayMA-xLNehJ8gwmdzcWMiRrvSxU3rCV6dw'
2025-11-29 17:46:44 - โ ะะฐะฝะฝัะต ัะพัะผั ะบะพััะตะบัะฝั!
2025-11-29 17:46:44 - ๐ค ะขะตะบััะธะน ะฟะพะปัะทะพะฒะฐัะตะปั: denismitin1323@gmail.com (ID: f57bab7f-4ae3-4418-a9e1-273aa520f0e4)
2025-11-29 17:46:44 - ๐ OfferedBook: ะปะพะป (ID: 3, Exists: True)
2025-11-29 17:46:44 - ๐ RequestedBook: ะะตััะฒัะต ะดััะธ (ID: 4, Exists: True)
2025-11-29 17:46:44 - ๐ฏ ะฆะตะปะตะฒะพะน ะฟะพะปัะทะพะฒะฐัะตะปั: denismitin1705@gmail.com (ID: 679d2e00-89bf-48e6-a1ca-a35d429b11ad)
2025-11-29 17:46:44 - ๐ ะกะพะทะดะฐะตะผ ะฝะพะฒัะน ะพะฑะผะตะฝ...
2025-11-29 17:46:44 - ๐ ะะฑะผะตะฝ ัะพะทะดะฐะฝ: 3 -> 4
2025-11-29 17:46:44 - ๐พ ะกะพััะฐะฝัะตะผ ะฒ ะฑะฐะทั...
2025-11-29 17:46:44 - ๐ ะฃะกะะะฅ! ะกะพััะฐะฝะตะฝะพ ะทะฐะฟะธัะตะน: 1, ID ะพะฑะผะตะฝะฐ: 4
2025-11-29 17:49:12 - ๐ฏ === ะะะงะะะ ะกะะะะะะะฏ ะะะะะะ ===
2025-11-29 17:49:12 - ๐ฆ RequestedBookId: 4
2025-11-29 17:49:12 - ๐ฆ OfferedBookId: 3
2025-11-29 17:49:12 - ๐ฆ Message: ะฒัั
2025-11-29 17:49:12 - ๐จ FORM DATA:
2025-11-29 17:49:12 -    RequestedBookId = '4'
2025-11-29 17:49:12 -    OfferedBookId = '3'
2025-11-29 17:49:12 -    Message = 'ะฒัั'
2025-11-29 17:49:12 -    __RequestVerificationToken = 'CfDJ8LyHUrDwRM1MuYm56Tu56lwu1Fq0W07dB6I3lIl4KVBH6KL3GpvJjKmsA1WaWWq6qyuNuNxrGJsA3nqX4XaNrNCwX6VCZHxXiWkuV8NB92KV8U7QdWidicDBzITcI_igEeoxr1dOf5X7lk9K9dlnBKF84VhccarPyN7KQyZIRvgvqZir5r1dkPsnifaLQfRspA'
2025-11-29 17:49:12 - โ ะะฐะฝะฝัะต ัะพัะผั ะบะพััะตะบัะฝั!
2025-11-29 17:49:12 - ๐ค ะขะตะบััะธะน ะฟะพะปัะทะพะฒะฐัะตะปั: denismitin1705@gmail.com (ID: 679d2e00-89bf-48e6-a1ca-a35d429b11ad)
2025-11-29 17:49:12 - ๐ OfferedBook: ะปะพะป (ID: 3, Exists: True)
2025-11-29 17:49:12 - ๐ RequestedBook: ะะตััะฒัะต ะดััะธ (ID: 4, Exists: True)
2025-11-29 17:49:12 - ๐ฏ ะฆะตะปะตะฒะพะน ะฟะพะปัะทะพะฒะฐัะตะปั: denismitin1323@gmail.com (ID: f57bab7f-4ae3-4418-a9e1-273aa520f0e4)
2025-11-29 17:49:12 - ๐ ะกะพะทะดะฐะตะผ ะฝะพะฒัะน ะพะฑะผะตะฝ...
2025-11-29 17:49:12 - ๐ ะะฑะผะตะฝ ัะพะทะดะฐะฝ: 3 -> 4
2025-11-29 17:49:12 - ๐พ ะกะพััะฐะฝัะตะผ ะฒ ะฑะฐะทั...
2025-11-29 17:49:12 - ๐ ะฃะกะะะฅ! ะกะพััะฐะฝะตะฝะพ ะทะฐะฟะธัะตะน: 1, ID ะพะฑะผะตะฝะฐ: 5
2025-11-29 17:50:27 - ๐ฏ === ะะะงะะะ ะกะะะะะะะฏ ะะะะะะ ===
2025-11-29 17:50:27 - ๐ฆ RequestedBookId: 4
2025-11-29 17:50:27 - ๐ฆ OfferedBookId: 2
2025-11-29 17:50:27 - ๐ฆ Message: ะฒััะฒ
2025-11-29 17:50:27 - ๐จ FORM DATA:
2025-11-29 17:50:27 -    RequestedBookId = '4'
2025-11-29 17:50:27 -    OfferedBookId = '2'
2025-11-29 17:50:27 -    Message = 'ะฒััะฒ'
2025-11-29 17:50:27 -    __RequestVerificationToken = 'CfDJ8LyHUrDwRM1MuYm56Tu56lwRncZBDQ7jaFko_6qSHqyV0t3LgHNxRYBicKJjTQ9GQdEJvWwuH72hKg_Rw2hYrTNgnk1FRf6cCCH1mn4yF5K-iw18HqcS6a66K4rxMXzCiP8PlHt_EtN797kebmCuLlJhNHsk1d79s55OI11OLopkyl5MEJ20sZYgzm8TIGFBpg'
2025-11-29 17:50:27 - โ ะะฐะฝะฝัะต ัะพัะผั ะบะพััะตะบัะฝั!
2025-11-29 17:50:27 - ๐ค ะขะตะบััะธะน ะฟะพะปัะทะพะฒะฐัะตะปั: denismitin1323@gmail.com (ID: f57bab7f-4ae3-4418-a9e1-273aa520f0e4)
2025-11-29 17:50:27 - ๐ OfferedBook: ะผะผะผะผ (ID: 2, Exists: True)
2025-11-29 17:50:27 - ๐ RequestedBook: ะะตััะฒัะต ะดััะธ (ID: 4, Exists: True)
2025-11-29 17:50:27 - ๐ฏ ะฆะตะปะตะฒะพะน ะฟะพะปัะทะพะฒะฐัะตะปั: denismitin1705@gmail.com (ID: 679d2e00-89bf-48e6-a1ca-a35d429b11ad)
2025-11-29 17:50:27 - ๐ ะกะพะทะดะฐะตะผ ะฝะพะฒัะน ะพะฑะผะตะฝ...
2025-11-29 17:50:27 - ๐ ะะฑะผะตะฝ ัะพะทะดะฐะฝ: 2 -> 4
2025-11-29 17:50:27 - ๐พ ะกะพััะฐะฝัะตะผ ะฒ ะฑะฐะทั...
2025-11-29 17:50:27 - ๐ ะฃะกะะะฅ! ะกะพััะฐะฝะตะฝะพ ะทะฐะฟะธัะตะน: 1, ID ะพะฑะผะตะฝะฐ: 6
2025-11-29 17:54:32 - ๐ฏ === ะะะงะะะ ะกะะะะะะะฏ ะะะะะะ ===
2025-11-29 17:54:32 - ๐ฆ RequestedBookId: 4
2025-11-29 17:54:32 - ๐ฆ OfferedBookId: 2
2025-11-29 17:54:32 - ๐ฆ Message: ัั
2025-11-29 17:54:32 - ๐จ FORM DATA:
2025-11-29 17:54:32 -    RequestedBookId = '4'
2025-11-29 17:54:32 -    OfferedBookId = '2'
2025-11-29 17:54:32 -    Message = 'ัั'
2025-11-29 17:54:32 -    __RequestVerificationToken = 'CfDJ8LyHUrDwRM1MuYm56Tu56lxjK9TDgPkMKdqBiIfGLtqAVrDnNSM3rlYZ75s2QfgFu3onVmBrQHELk3OR2yPWwqdpEsTzKvqCijVhMdJUqUM91B5Vuw5gOAuddG4LXmOyi-pu5O03gF9SipZ7EbUXLyJ7PInu5KXfPclsAaCYXIWHRRn87EsqJgw8B_ZNDXEdNA'
2025-11-29 17:54:32 - โ ะะฐะฝะฝัะต ัะพัะผั ะบะพััะตะบัะฝั!
2025-11-29 17:54:32 - ๐ค ะขะตะบััะธะน ะฟะพะปัะทะพะฒะฐัะตะปั: denismitin1705@gmail.com (ID: 679d2e00-89bf-48e6-a1ca-a35d429b11ad)
2025-11-29 17:54:32 - ๐ OfferedBook: ะผะผะผะผ (ID: 2, Exists: True)
2025-11-29 17:54:32 - ๐ RequestedBook: ะะตััะฒัะต ะดััะธ (ID: 4, Exists: True)
2025-11-29 17:54:32 - ๐ฏ ะฆะตะปะตะฒะพะน ะฟะพะปัะทะพะฒะฐัะตะปั: denismitin1323@gmail.com (ID: f57bab7f-4ae3-4418-a9e1-273aa520f0e4)
2025-11-29 17:54:32 - ๐ ะกะพะทะดะฐะตะผ ะฝะพะฒัะน ะพะฑะผะตะฝ...
2025-11-29 17:54:32 - ๐ ะะฑะผะตะฝ ัะพะทะดะฐะฝ: 2 -> 4
2025-11-29 17:54:32 - ๐พ ะกะพััะฐะฝัะตะผ ะฒ ะฑะฐะทั...
2025-11-29 17:54:32 - ๐ ะฃะกะะะฅ! ะกะพััะฐะฝะตะฝะพ ะทะฐะฟะธัะตะน: 1, ID ะพะฑะผะตะฝะฐ: 7
2025-11-29 17:56:59 - ๐ฏ === ะะะงะะะ ะกะะะะะะะฏ ะะะะะะ ===
2025-11-29 17:56:59 - ๐ฆ RequestedBookId: 4
2025-11-29 17:56:59 - ๐ฆ OfferedBookId: 3
2025-11-29 17:56:59 - ๐ฆ Message: 3123
2025-11-29 17:56:59 - ๐จ FORM DATA:
2025-11-29 17:56:59 -    RequestedBookId = '4'
2025-11-29 17:56:59 -    OfferedBookId = '3'
2025-11-29 17:56:59 -    Message = '3123'
2025-11-29 17:56:59 -    __RequestVerificationToken = 'CfDJ8LyHUrDwRM1MuYm56Tu56lwg5GkILyxwnPH-jnlp-NSYQQm2ahuB6MQPid2Sh2vnD-Y9oFBJLaSQDN3XwibaxrwG0QvPUC62snW1sSO98HThr5zJRsxpjCJOoaVuTmgQPKEf6maQsaINZhvvepnQfvKBvrR7mP5tXTrIrN9gRvZZG8IaPLsK0MHdzi35V18tNg'
2025-11-29 17:56:59 - โ ะะฐะฝะฝัะต ัะพัะผั ะบะพััะตะบัะฝั!
2025-11-29 17:56:59 - ๐ค ะขะตะบััะธะน ะฟะพะปัะทะพะฒะฐัะตะปั: denismitin1323@gmail.com (ID: f57bab7f-4ae3-4418-a9e1-273aa520f0e4)
2025-11-29 17:56:59 - ๐ OfferedBook: ะปะพะป (ID: 3, Exists: True)
2025-11-29 17:56:59 - ๐ RequestedBook: ะะตััะฒัะต ะดััะธ (ID: 4, Exists: True)
2025-11-29 17:56:59 - ๐ฏ ะฆะตะปะตะฒะพะน ะฟะพะปัะทะพะฒะฐัะตะปั: denismitin1705@gmail.com (ID: 679d2e00-89bf-48e6-a1ca-a35d429b11ad)
2025-11-29 17:56:59 - ๐ ะกะพะทะดะฐะตะผ ะฝะพะฒัะน ะพะฑะผะตะฝ...
2025-11-29 17:56:59 - ๐ ะะฑะผะตะฝ ัะพะทะดะฐะฝ: 3 -> 4
2025-11-29 17:56:59 - ๐พ ะกะพััะฐะฝัะตะผ ะฒ ะฑะฐะทั...
2025-11-29 17:56:59 - ๐ ะฃะกะะะฅ! ะกะพััะฐะฝะตะฝะพ ะทะฐะฟะธัะตะน: 1, ID ะพะฑะผะตะฝะฐ: 8
2025-11-29 17:59:39 - ๐ฏ === ะะะงะะะ ะกะะะะะะะฏ ะะะะะะ ===
2025-11-29 17:59:39 - ๐ฆ RequestedBookId: 3
2025-11-29 17:59:39 - ๐ฆ OfferedBookId: 4
2025-11-29 17:59:39 - ๐ฆ Message: 221
2025-11-29 17:59:39 - ๐จ FORM DATA:
2025-11-29 17:59:39 -    RequestedBookId = '3'
2025-11-29 17:59:39 -    OfferedBookId = '4'
2025-11-29 17:59:39 -    Message = '221'
2025-11-29 17:59:39 -    __RequestVerificationToken = 'CfDJ8LyHUrDwRM1MuYm56Tu56lxfPm6F4LL-ftSwrMpxvVPeFJ4Hr_IJjZYTRsg3uzxZJpXH1RA8RxJUSAZi-8KwwZVJzry92_e6XdNlAOFgwGCLJFliiymiTeJcMl0cN2hcnSC_kJ_KJCv2RE56Q0RRmJlXldMU2JWrYouhQea417vjLODjIx_pKQ9EgiQ5oX9Srw'
2025-11-29 17:59:39 - โ ะะฐะฝะฝัะต ัะพัะผั ะบะพััะตะบัะฝั!
2025-11-29 17:59:39 - ๐ค ะขะตะบััะธะน ะฟะพะปัะทะพะฒะฐัะตะปั: denismitin1323@gmail.com (ID: f57bab7f-4ae3-4418-a9e1-273aa520f0e4)
2025-11-29 17:59:39 - ๐ OfferedBook: ะะตััะฒัะต ะดััะธ (ID: 4, Exists: True)
2025-11-29 17:59:39 - ๐ RequestedBook: ะปะพะป (ID: 3, Exists: True)
2025-11-29 17:59:39 - ๐ฏ ะฆะตะปะตะฒะพะน ะฟะพะปัะทะพะฒะฐัะตะปั: denismitin1705@gmail.com (ID: 679d2e00-89bf-48e6-a1ca-a35d429b11ad)
2025-11-29 17:59:39 - ๐ ะกะพะทะดะฐะตะผ ะฝะพะฒัะน ะพะฑะผะตะฝ...
2025-11-29 17:59:39 - ๐ ะะฑะผะตะฝ ัะพะทะดะฐะฝ: 4 -> 3
2025-11-29 17:59:39 - ๐พ ะกะพััะฐะฝัะตะผ ะฒ ะฑะฐะทั...
2025-11-29 17:59:39 - ๐ ะฃะกะะะฅ! ะกะพััะฐะฝะตะฝะพ ะทะฐะฟะธัะตะน: 1, ID ะพะฑะผะตะฝะฐ: 9
2025-11-29 18:19:11 - ๐ฏ === ะะะงะะะ ะกะะะะะะะฏ ะะะะะะ ===
2025-11-29 18:19:11 - ๐ฆ RequestedBookId: 5
2025-11-29 18:19:11 - ๐ฆ OfferedBookId: 6
2025-11-29 18:19:11 - ๐ฆ Message: ะะฑะผะตะฝ!
2025-11-29 18:19:11 - ๐จ FORM DATA:
2025-11-29 18:19:11 -    RequestedBookId = '5'
2025-11-29 18:19:11 -    OfferedBookId = '6'
2025-11-29 18:19:11 -    Message = 'ะะฑะผะตะฝ!'
2025-11-29 18:19:11 -    __RequestVerificationToken = 'CfDJ8LyHUrDwRM1MuYm56Tu56lwWQMiA5s1nc-59lqSC2bz9GaqaLRJkJMJKvIo5SOIWqbycPzsN2ngATCTlbm9x9I6UXpq5_ilTkSXP3TL1r7e8w4GpegepRk3RXNceAKF3aCgUWQaxGnWEgFYTkk3nw9YNbJ490_5M-0focH1Ugb28tx8odBvQOeCDOEq8rawIYw'
2025-11-29 18:19:11 - โ ะะฐะฝะฝัะต ัะพัะผั ะบะพััะตะบัะฝั!
2025-11-29 18:19:11 - ๐ค ะขะตะบััะธะน ะฟะพะปัะทะพะฒะฐัะตะปั: denismitin1323@gmail.com (ID: f57bab7f-4ae3-4418-a9e1-273aa520f0e4)
2025-11-29 18:19:11 - ๐ OfferedBook: ะะปะณะตะฑัะฐ (ID: 6, Exists: True)
2025-11-29 18:19:11 - ๐ RequestedBook: ะะพะปะพัะฐั ััะฑะบะฐ (ID: 5, Exists: True)
2025-11-29 18:19:11 - ๐ฏ ะฆะตะปะตะฒะพะน ะฟะพะปัะทะพะฒะฐัะตะปั: denismitin1705@gmail.com (ID: 679d2e00-89bf-48e6-a1ca-a35d429b11ad)
2025-11-29 18:19:11 - ๐ ะกะพะทะดะฐะตะผ ะฝะพะฒัะน ะพะฑะผะตะฝ...
2025-11-29 18:19:11 - ๐ ะะฑะผะตะฝ ัะพะทะดะฐะฝ: 6 -> 5
2025-11-29 18:19:11 - ๐พ ะกะพััะฐะฝัะตะผ ะฒ ะฑะฐะทั...
2025-11-29 18:19:11 - ๐ ะฃะกะะะฅ! ะกะพััะฐะฝะตะฝะพ ะทะฐะฟะธัะตะน: 1, ID ะพะฑะผะตะฝะฐ: 10
2025-11-29 18:21:46 - ๐ฏ === ะะะงะะะ ะกะะะะะะะฏ ะะะะะะ ===
2025-11-29 18:21:46 - ๐ฆ RequestedBookId: 6
2025-11-29 18:21:46 - ๐ฆ OfferedBookId: 7
2025-11-29 18:21:46 - ๐ฆ Message: ะะฑะผะตะฝ
2025-11-29 18:21:46 - ๐จ FORM DATA:
2025-11-29 18:21:46 -    RequestedBookId = '6'
2025-11-29 18:21:46 -    OfferedBookId = '7'
2025-11-29 18:21:46 -    Message = 'ะะฑะผะตะฝ'
2025-11-29 18:21:46 -    __RequestVerificationToken = 'CfDJ8LyHUrDwRM1MuYm56Tu56lyMYcCF3jAtZXVG2l9CTqoNGTI9PePoYJ4Kqn0z-zb7yEU3KRadvcJJhfImazrFzQOI1_EZBXnCaY-H5igzsUIZOGMn5mEqD9UgIyUwFn2-AttIx-v3dCT2brurOq3ZZvo35nDDfyyLOYzhpAnQaad5IJxbxesPTEhpjyOChsJh5w'
2025-11-29 18:21:46 - โ ะะฐะฝะฝัะต ัะพัะผั ะบะพััะตะบัะฝั!
2025-11-29 18:21:46 - ๐ค ะขะตะบััะธะน ะฟะพะปัะทะพะฒะฐัะตะปั: denismitin312@gmail.com (ID: 2151bfdc-855c-493b-b5a7-cbfd0387b6e6)
2025-11-29 18:21:46 - ๐ OfferedBook: ะฅะธะผะธั (ID: 7, Exists: True)
2025-11-29 18:21:46 - ๐ RequestedBook: ะะปะณะตะฑัะฐ (ID: 6, Exists: True)
2025-11-29 18:21:46 - ๐ฏ ะฆะตะปะตะฒะพะน ะฟะพะปัะทะพะฒะฐัะตะปั: denismitin1705@gmail.com (ID: 679d2e00-89bf-48e6-a1ca-a35d429b11ad)
2025-11-29 18:21:46 - ๐ ะกะพะทะดะฐะตะผ ะฝะพะฒัะน ะพะฑะผะตะฝ...
2025-11-29 18:21:46 - ๐ ะะฑะผะตะฝ ัะพะทะดะฐะฝ: 7 -> 6
2025-11-29 18:21:46 - ๐พ ะกะพััะฐะฝัะตะผ ะฒ ะฑะฐะทั...
2025-11-29 18:21:46 - ๐ ะฃะกะะะฅ! ะกะพััะฐะฝะตะฝะพ ะทะฐะฟะธัะตะน: 1, ID ะพะฑะผะตะฝะฐ: 11
2025-11-29 18:26:52 - ๐ฏ === ะะะงะะะ ะกะะะะะะะฏ ะะะะะะ ===
2025-11-29 18:26:52 - ๐ฆ RequestedBookId: 6
2025-11-29 18:26:52 - ๐ฆ OfferedBookId: 4
2025-11-29 18:26:52 - ๐ฆ Message: 312
2025-11-29 18:26:52 - ๐จ FORM DATA:
2025-11-29 18:26:52 -    RequestedBookId = '6'
2025-11-29 18:26:52 -    OfferedBookId = '4'
2025-11-29 18:26:52 -    Message = '312'
2025-11-29 18:26:52 -    __RequestVerificationToken = 'CfDJ8LyHUrDwRM1MuYm56Tu56lx3HrKNpAZmuIz6dqIrKzhRZGd-bIxmA-lLV57jGuDBNKsWfi6iasdBAfNhrnVNAlYLF9TY0Qyr8vizznXaUDgZ80zFwwZzqlLijy-MBB4dTDSG7FdyVkAsg5qPUl7q5IzP_QS0oLFqAZJJxykmQA8hyzCUs2_QDhxNiw7w_SPeGQ'
2025-11-29 18:26:52 - โ ะะฐะฝะฝัะต ัะพัะผั ะบะพััะตะบัะฝั!
2025-11-29 18:26:52 - ๐ค ะขะตะบััะธะน ะฟะพะปัะทะพะฒะฐัะตะปั: denismitin1705@gmail.com (ID: 679d2e00-89bf-48e6-a1ca-a35d429b11ad)
2025-11-29 18:26:52 - ๐ OfferedBook: ะะตััะฒัะต ะดััะธ (ID: 4, Exists: True)
2025-11-29 18:26:52 - ๐ RequestedBook: ะะปะณะตะฑัะฐ (ID: 6, Exists: True)
2025-11-29 18:26:52 - ๐ฏ ะฆะตะปะตะฒะพะน ะฟะพะปัะทะพะฒะฐัะตะปั: denismitin312@gmail.com (ID: 2151bfdc-855c-493b-b5a7-cbfd0387b6e6)
2025-11-29 18:26:52 - ๐ ะกะพะทะดะฐะตะผ ะฝะพะฒัะน ะพะฑะผะตะฝ...
2025-11-29 18:26:52 - ๐ ะะฑะผะตะฝ ัะพะทะดะฐะฝ: 4 -> 6
2025-11-29 18:26:52 - ๐พ ะกะพััะฐะฝัะตะผ ะฒ ะฑะฐะทั...
2025-11-29 18:26:52 - ๐ ะฃะกะะะฅ! ะกะพััะฐะฝะตะฝะพ ะทะฐะฟะธัะตะน: 1, ID ะพะฑะผะตะฝะฐ: 12
2025-11-29 18:28:06 - ๐ฏ === ะะะงะะะ ะกะะะะะะะฏ ะะะะะะ ===
2025-11-29 18:28:06 - ๐ฆ RequestedBookId: 7
2025-11-29 18:28:06 - ๐ฆ OfferedBookId: 4
2025-11-29 18:28:06 - ๐ฆ Message: ะฒัั
2025-11-29 18:28:06 - ๐จ FORM DATA:
2025-11-29 18:28:06 -    RequestedBookId = '7'
2025-11-29 18:28:06 -    OfferedBookId = '4'
2025-11-29 18:28:06 -    Message = 'ะฒัั'
2025-11-29 18:28:06 -    __RequestVerificationToken = 'CfDJ8LyHUrDwRM1MuYm56Tu56lxdmbSHc6CkayypT9q7Cv1suJHp__0L1GmfHClAoDmjGTrOfVf-NXTvIb8KwSS5eOpoOM48Fr6WrtBLcx7dgYwtUvE-uhkW_7yCrsJSeRAauH6i7c2gKXNXJ5gj4nFJuXV_fGtfBYWZ9vgQTa5xEzIn5tvMaJMq4DRu_eOD6X_Ndg'
2025-11-29 18:28:06 - โ ะะฐะฝะฝัะต ัะพัะผั ะบะพััะตะบัะฝั!
2025-11-29 18:28:06 - ๐ค ะขะตะบััะธะน ะฟะพะปัะทะพะฒะฐัะตะปั: denismitin312@gmail.com (ID: 2151bfdc-855c-493b-b5a7-cbfd0387b6e6)
2025-11-29 18:28:06 - ๐ OfferedBook: ะะตััะฒัะต ะดััะธ (ID: 4, Exists: True)
2025-11-29 18:28:06 - ๐ RequestedBook: ะฅะธะผะธั (ID: 7, Exists: True)
2025-11-29 18:28:06 - ๐ฏ ะฆะตะปะตะฒะพะน ะฟะพะปัะทะพะฒะฐัะตะปั: denismitin1705@gmail.com (ID: 679d2e00-89bf-48e6-a1ca-a35d429b11ad)
2025-11-29 18:28:06 - ๐ ะกะพะทะดะฐะตะผ ะฝะพะฒัะน ะพะฑะผะตะฝ...
2025-11-29 18:28:06 - ๐ ะะฑะผะตะฝ ัะพะทะดะฐะฝ: 4 -> 7
2025-11-29 18:28:06 - ๐พ ะกะพััะฐะฝัะตะผ ะฒ ะฑะฐะทั...
2025-11-29 18:28:07 - ๐ ะฃะกะะะฅ! ะกะพััะฐะฝะตะฝะพ ะทะฐะฟะธัะตะน: 1, ID ะพะฑะผะตะฝะฐ: 13
2025-11-29 18:33:11 - ๐ฏ === ะะะงะะะ ะกะะะะะะะฏ ะะะะะะ ===
2025-11-29 18:33:11 - ๐ฆ RequestedBookId: 7
2025-11-29 18:33:11 - ๐ฆ OfferedBookId: 4
2025-11-29 18:33:11 - ๐ฆ Message: 312
2025-11-29 18:33:11 - ๐จ FORM DATA:
2025-11-29 18:33:11 -    RequestedBookId = '7'
2025-11-29 18:33:11 -    OfferedBookId = '4'
2025-11-29 18:33:11 -    Message = '312'
2025-11-29 18:33:11 -    __RequestVerificationToken = 'CfDJ8LyHUrDwRM1MuYm56Tu56lyvUN8r-U3CUu4ycW-0gJrN4_DBQpbEs0hBvJLW2pN1Ju7nPHyI5VPFX6XonkfOPt_7Qm0sjdy2tgBiHHeZ-bX_GZ4TuXkzLVz24rFfIzMH8NZzK30S8CSi16MaPCwjO9FDiGKqdOoNZGLr-Q-IkA-DZwzkjEAVoD56FxjU-z4iYg'
2025-11-29 18:33:11 - โ ะะฐะฝะฝัะต ัะพัะผั ะบะพััะตะบัะฝั!
2025-11-29 18:33:11 - ๐ค ะขะตะบััะธะน ะฟะพะปัะทะพะฒะฐัะตะปั: denismitin1705@gmail.com (ID: 679d2e00-89bf-48e6-a1ca-a35d429b11ad)
2025-11-29 18:33:11 - ๐ OfferedBook: ะะตััะฒัะต ะดััะธ (ID: 4, Exists: True)
2025-11-29 18:33:11 - ๐ RequestedBook: ะฅะธะผะธั (ID: 7, Exists: True)
2025-11-29 18:33:11 - ๐ฏ ะฆะตะปะตะฒะพะน ะฟะพะปัะทะพะฒะฐัะตะปั: denismitin312@gmail.com (ID: 2151bfdc-855c-493b-b5a7-cbfd0387b6e6)
2025-11-29 18:33:11 - ๐ ะกะพะทะดะฐะตะผ ะฝะพะฒัะน ะพะฑะผะตะฝ...
2025-11-29 18:33:11 - ๐ ะะฑะผะตะฝ ัะพะทะดะฐะฝ: 4 -> 7
2025-11-29 18:33:11 - ๐พ ะกะพััะฐะฝัะตะผ ะฒ ะฑะฐะทั...
2025-11-29 18:33:11 - ๐ ะฃะกะะะฅ! ะกะพััะฐะฝะตะฝะพ ะทะฐะฟะธัะตะน: 1, ID ะพะฑะผะตะฝะฐ: 14
